#################################################
Correlation(Temperature, Rn) in BCN:  0.5261748878387968
Correlation(Preassure, Rn) in BCN:  -0.20845729390189935
Correlation(Wind velocity, Rn) in BCN:  0.058403649719426104
#################################################
#################################################
Correlation(Temperature, Rn) in PMP:  0.5155144212888039
Correlation(Preassure, Rn) in PMP:  -0.18821531188596502
Correlation(Wind velocity, Rn) in PMP:  0.172787095577137
#################################################
#################################################
Correlation(Temperature, Rn) in ZGZ:  0.5346255175384618
Correlation(Preassure, Rn) in ZGZ:  -0.26535436036609256
Correlation(Wind velocity, Rn) in ZGZ:  -0.005949726459692141
#################################################
#################################################
Correlation(Temperature, Rn) in HSC:  0.5224156042992764
Correlation(Preassure, Rn) in HSC:  -0.16095891912021662
Correlation(Wind velocity, Rn) in HSC:  0.11591081352639616
#################################################
X_train.shape =  (218, 4, 1) 
Y_train.shape =  (218,)


#########
 Only Radon 
########


:ECM:  [109.3613161873574, 134.56961501751806, 116.12443544096583, 111.95157130672368, 106.88784230869041, 117.63746864709259, 110.08853758614497, 119.3616882343117, 108.53666215141841, 114.04288947588142, 115.84635798422747, 117.37610364764971, 108.28920940269792, 111.81355116314467, 129.7659719220655, 106.5699752107163, 107.27736406874914, 119.83611959960677, 107.8135621079406, 110.89140027523459, 110.82145796857475, 104.94685899245103, 111.20831727104846, 110.24848326040599, 108.84072826412863]
:EAM:  [8.211480729123378, 9.208639915953292, 8.514089584350586, 8.322871674882604, 8.150424510874647, 8.526771139591299, 8.307480791781812, 8.621930791976604, 8.220381229481799, 8.403754741587537, 8.480089796350358, 8.563497624498732, 8.175465117109583, 8.29117425959161, 8.963435152743726, 8.061902472313415, 8.142905296163356, 8.604449779429334, 8.200639602985788, 8.299986981331035, 8.248483820164457, 8.127263779335834, 8.297681727307909, 8.25263940527084, 8.225357623810464]
:ECM avg:  113.20429949978983
:EAM avg:  8.3769119019204


#########
 Radon + Temperature 
########




#########
 BCN 
########


:ECM:  [104.73909130778107, 104.78772223627094, 106.6259497832592, 103.50194928472929, 103.53330668062328, 108.05095665129379, 104.91785130246888, 104.46818959508822, 108.30566969891841, 117.93005728020093, 105.23987022697187, 110.97056845125329, 108.45772762541696, 107.0890601106125, 111.12854577273197, 103.98287062875325, 105.10968755766845, 103.49417535000744, 105.03311928246679, 106.62626653809956, 106.54466491440256, 104.77719468599607, 108.23394412371256, 106.32162527811816, 108.5256256704066]
:EAM:  [8.059945654361806, 8.03970312564931, 8.12277168923236, 8.053294607933532, 8.048365126264857, 8.165090114512342, 8.02081221722542, 8.061697614953873, 8.185345507682637, 8.413906503230967, 8.132826094931744, 8.1881618093937, 8.251170665659803, 8.117733082872755, 8.350974224983378, 7.956330563159699, 8.038048358673745, 8.065417675261802, 8.0369804463488, 8.129734850944356, 8.102025661062687, 8.101720079462579, 8.135596863766933, 8.027808940156977, 8.28533558135337]
:ECM avg:  106.73582760149007
:EAM avg:  8.123631882363178


#########
 PMP 
########


:ECM:  [105.1445770589692, 104.0197660467975, 103.4398731945607, 100.32216223529147, 117.00229783768799, 101.41846672657529, 106.77760168246877, 105.52384735296398, 112.43310419514579, 106.77860977649338, 103.22424857868246, 106.48499398877979, 106.77058092631914, 109.37471802632771, 115.73042724618055, 105.54591731113187, 108.89174699914726, 104.42541710623203, 106.05563839554831, 113.03206046831923, 104.11064677973798, 104.25095468487633, 106.5366154437141, 105.44003585154798, 104.09750574311376]
:EAM:  [8.048338423383997, 8.061835918020694, 8.010926185770238, 7.947391794082966, 8.436416666558449, 8.059653180710812, 8.212462526686648, 8.13142910409481, 8.318235965485268, 8.11553975369068, 8.016166605847948, 8.170698084729784, 8.160849753846513, 8.226865322031873, 8.555549986819004, 8.194006899569898, 8.282557548360622, 8.095395757796917, 8.102666895440285, 8.380331404665684, 8.062647920973758, 8.130499251345372, 8.203159900421792, 8.082500985328187, 8.104652485948927]
:ECM avg:  106.67327254626451
:EAM avg:  8.164431132864445


#########
 ZGZ 
########


:ECM:  [112.95418691483374, 103.13428566606896, 107.85396710609719, 111.02114125385576, 102.80391267870654, 103.1548585046166, 107.4919871142234, 105.23255069289503, 105.70255035876718, 111.32708874505175, 106.57354397178665, 108.96068334542407, 105.79497329880093, 109.89797513495262, 110.47638290223435, 103.63976918526494, 106.89431828173652, 104.60742474741369, 110.54917401205356, 109.83831463311861, 109.82615818379263, 110.10703966200046, 109.7882915508063, 106.37441728563878, 111.7752264520072]
:EAM:  [8.344254067603577, 8.07323772349256, 8.18323585834909, 8.246122157320062, 8.079329957353307, 8.133613464680124, 8.202599910979576, 8.189216451441988, 8.144079573610997, 8.356861033338182, 8.205509226372902, 8.233928761583693, 8.160559431035468, 8.25779160032881, 8.249153096625145, 8.072600141484687, 8.264818029200777, 8.10154943263277, 8.342795716955306, 8.31978436733814, 8.241368922781437, 8.261904817946414, 8.259412603175386, 8.172716952384786, 8.345493763051135]
:ECM avg:  107.8312088672859
:EAM avg:  8.217677482442653


#########
 HSC 
########


:ECM:  [110.37219034247825, 108.04175526455343, 106.05772611584395, 101.13705417276047, 107.04636219784756, 103.63048151943958, 103.31583417155281, 102.22695302091876, 108.04123821851356, 105.72741545156029, 102.55225973046959, 105.36406920574797, 105.6212639379172, 103.69817090953362, 102.56397748045887, 107.99894727233496, 112.43985048557079, 105.44735304514882, 101.51241876899098, 101.66154378029549, 101.90154248066902, 103.12337388171139, 107.51919757089676, 104.90388738196913, 104.34535893452824]
:EAM:  [8.281530583158453, 8.28206115073346, 8.177005159093978, 8.052565513773168, 8.24305834668748, 8.182604972352372, 8.053872169332301, 8.083223383477394, 8.251345898242707, 8.172950541719477, 8.06568088937313, 8.290624862021588, 8.129040657205785, 8.125324898577752, 7.993029979949302, 8.35301245019791, 8.3312279315705, 8.177043387230407, 7.969878988063082, 8.030435237478702, 8.054201572499377, 8.09184658781011, 8.273422038301508, 8.114550732551738, 8.039057264936732]
:ECM avg:  105.05000901366846
:EAM avg:  8.152743807853536


#########
 Radon + Preassure 
########




#########
 BCN 
########


:ECM:  [158.49474321241863, 150.07227612683687, 145.3052363829999, 152.60842463046117, 146.95016834180353, 154.23927526908602, 149.01911599637026, 156.85171611164247, 148.1969244582176, 145.99774453358305, 147.78338262185446, 157.1311254338956, 149.90192966270857, 147.18394848561155, 153.6459502013387, 152.82149062586927, 146.41775073341162, 149.4717202918038, 153.00250421524865, 145.47486564985238, 148.75981264746906, 146.07755300363073, 148.95415134115567, 148.70561325602776, 148.44778307994977]
:EAM:  [10.145182629849048, 9.724747962140022, 9.625105553484978, 9.87370028394334, 9.626590160613365, 9.955818054523874, 9.73997010575964, 10.069253921508789, 9.78294794610206, 9.666986465454102, 9.69655795807534, 10.076865338264628, 9.801232236496945, 9.755526319463202, 9.876507454730096, 9.925191635781147, 9.665325002467378, 9.747564194050241, 9.84406349506784, 9.608088757129426, 9.756288974843127, 9.631487257937168, 9.783939036917179, 9.762039184570312, 9.713078681458818]
:ECM avg:  150.06060825252987
:EAM avg:  9.794162344425281


#########
 PMP 
########


:ECM:  [151.46838593899466, 144.01940966476616, 145.09772112470105, 142.75121920876498, 148.17445470902902, 148.5270393616893, 151.47496761300724, 151.14428205361037, 143.65302404633567, 148.40322198693846, 151.4710679014009, 147.78665339131314, 144.35099976658037, 145.34379196992768, 146.83803201990744, 150.4377215953647, 144.32904401329654, 149.99683929135264, 144.35696632620517, 148.73235947033916, 156.53152680241544, 151.6563205546574, 150.58624578070467, 147.54624640282063, 146.49567814400027]
:EAM:  [9.932484322405877, 9.608905021180497, 9.644419730977809, 9.655033679718667, 9.81095874055903, 9.882396170433532, 9.984956376096035, 9.885614638632916, 9.62908286236702, 9.81823304358949, 9.952228424396921, 9.772929171298413, 9.682787672002265, 9.63548903769635, 9.747619020177963, 9.909941084841465, 9.651853033836852, 9.865122044340094, 9.68830206039104, 9.847779375441531, 10.112376111619016, 9.917313880108772, 9.858210421623067, 9.832770124394843, 9.723600590482672]
:ECM avg:  148.0469287655249
:EAM avg:  9.802016265544486


#########
 ZGZ 
########


:ECM:  [164.3092089764047, 153.40263031711947, 151.2796531650871, 152.9881253351697, 160.06229594661303, 145.93013022063153, 159.29630776467448, 163.00874238338247, 157.84834803688167, 152.78462806680415, 149.2562781901048, 155.6936697161537, 163.46699091013534, 155.46454472688492, 167.4836686296674, 154.62804465264313, 150.2311248317936, 147.52058434058577, 151.93984579466152, 153.0142735594187, 149.31373958000674, 163.33392583866055, 146.73289365254087, 149.98225399716884, 160.51084633053503]
:EAM:  [10.409277773917989, 10.031460741732984, 9.901932533751143, 9.945518087833486, 10.25131501542761, 9.744567749348093, 10.196238051069544, 10.375291215612533, 10.165496947917532, 9.99501155285125, 9.747015526954163, 10.000404641983357, 10.228609896720723, 9.992242529037151, 10.336546552942155, 10.082865167171397, 9.853718290937708, 9.72737685670244, 9.877984675955265, 9.898621701179668, 9.848926260116253, 10.2009211601095, 9.743896809030087, 9.851272948244786, 10.089539467020238]
:ECM avg:  155.17931019854916
:EAM avg:  10.019842086142683


#########
 HSC 
########


:ECM:  [155.4844748052585, 148.1351876174172, 164.00529035405154, 151.18291709523004, 145.33425752300568, 150.29866425031696, 159.07859060475033, 142.1405954015848, 151.05638092654283, 160.95854834121798, 157.87092365629886, 159.2141154449471, 155.4243626973271, 147.0334043905953, 148.9233729804303, 147.42374498467086, 143.03241138829338, 156.4291488141954, 149.93098779876303, 153.07587162506542, 153.88915723553555, 147.69080563001486, 155.50894896073643, 150.6837354332151, 153.6274918539399]
:EAM:  [9.988761130799638, 9.684260145146796, 10.311195698190243, 9.800724191868559, 9.602651149668592, 9.753296547747674, 10.091717902650224, 9.439996475869037, 9.739621669688123, 10.10736944320354, 10.059786492205681, 10.128715474554832, 9.965201601069024, 9.668548218747402, 9.667177443808697, 9.65611892050885, 9.45203391541826, 10.006650072463016, 9.697980758991648, 9.883129972092648, 9.912711975422312, 9.660965412221056, 9.970773615735643, 9.826813312287026, 9.90679469007127]
:ECM avg:  152.29733559253617
:EAM avg:  9.839319849217192


#########
 Radon + Wind Velocity 
########




#########
 BCN 
########


:ECM:  [128.88346003190128, 131.471308827749, 133.5683687461046, 133.36079959537133, 128.73986014106404, 131.41802083031894, 136.16333262593517, 134.06961571010595, 133.3536032513888, 136.78743053566615, 132.6847673441699, 128.19047361177155, 131.9124929065834, 129.73848808291532, 130.4743417911284, 133.82809821000455, 131.6909815944382, 133.23028847628038, 132.1487516701027, 129.57497803693462, 132.26710959198417, 133.72079130643382, 127.34240435735192, 137.3083061789518, 130.41014647106977]
:EAM:  [9.063689211581616, 9.145166478258497, 9.200790324109667, 9.248393079067798, 9.093254738665642, 9.197932588293197, 9.309564428126558, 9.18825060255984, 9.202506085659595, 9.372869978559779, 9.154519182570438, 9.038594022710273, 9.131818568452875, 9.07871542585657, 9.11432639588701, 9.322494993818568, 9.17129240644739, 9.188010276632106, 9.162907945348861, 9.027801473089989, 9.220809693032123, 9.19235834162286, 9.001471539761157, 9.339225931370512, 9.12064000393482]
:ECM avg:  132.09352879702902
:EAM avg:  9.17149614861671


#########
 PMP 
########


:ECM:  [100.56323095851985, 105.04859889706178, 103.9749421468562, 104.87446457073725, 112.46768352882583, 98.86511050517862, 109.04748832525505, 109.04272408734873, 103.11045323346526, 101.59919377561705, 102.409450996917, 101.34565866343132, 104.01728827508997, 103.1355739029795, 103.01686826987444, 100.8130939589605, 101.14589400388185, 98.90752653021922, 101.06649058520627, 136.157586957696, 100.01163545738196, 101.89443011070398, 108.89365484013871, 98.58879235779085, 102.2037593756076]
:EAM:  [8.14719155494203, 8.383896076932867, 8.27654274473799, 8.352770622740401, 8.548227513090094, 8.075643782920025, 8.545953385373378, 8.50092287266508, 8.229526763266705, 8.206338030226688, 8.170961339422997, 8.106662385007168, 8.339189570000832, 8.214586866662858, 8.20067150034803, 8.228839914849464, 8.107257031379863, 8.010605183053524, 8.1119639214049, 9.471167584683032, 8.124012561554604, 8.259470472944544, 8.518336559863801, 8.044447837991918, 8.22996488530585]
:ECM avg:  104.4880637725898
:EAM avg:  8.296206038454747


#########
 ZGZ 
########


:ECM:  [113.25760609037218, 98.00265041556385, 99.58310884613827, 107.48534022537531, 99.79019953508906, 104.4325185699656, 103.17024387380151, 97.59076248969235, 112.75738467388364, 122.34185442656955, 101.77326926398892, 100.94627380021724, 98.03182169891141, 99.64043359348533, 104.84443921174395, 102.95734276419178, 102.66393437586986, 107.77160378531775, 109.29170660358811, 99.63553368622571, 96.28895620297376, 106.93573713568959, 102.00499139424163, 107.97688673300055, 97.01475983924443]
:EAM:  [8.500745732733543, 7.862357362787774, 7.817369866878428, 8.241039194959276, 7.911006886908349, 8.192063189567403, 8.011620298345038, 7.791180874438996, 8.424131596342047, 8.778339548313872, 7.938554926121489, 8.074274266019781, 7.791649595220038, 7.926836135539602, 8.065086040091007, 8.154834666150682, 8.049576657883664, 8.253590198273354, 8.173075128108897, 8.005410214687915, 7.802399087459483, 8.19811025578925, 8.00217916610393, 8.170697191928296, 7.870316890960044]
:ECM avg:  103.84757436940566
:EAM avg:  8.080257798864487


#########
 HSC 
########


:ECM:  [196.16908924474828, 180.97657490064353, 164.13385826976895, 152.28122702756235, 148.03889586197005, 161.18864308387592, 158.63186385606056, 130.74038599455014, 141.78865414928904, 183.77118796492806, 155.9099815265513, 177.39971193335202, 129.33218776934734, 201.05716948907286, 151.4436712949156, 139.7961719030546, 179.48839266688725, 136.02252410548883, 154.92813809269478, 165.55773221969574, 155.8352688379752, 165.63498972942838, 183.09607437053003, 166.69999664480426, 141.41667583579428]
:EAM:  [11.530789314432347, 10.96677492019978, 10.277698232772503, 9.824015759407207, 9.61200783100534, 10.16541058966454, 10.068741818691821, 8.955811439676488, 9.331700954031437, 11.02575732292013, 9.902591258921522, 10.791661445130693, 8.92156304704382, 11.674419524821829, 9.74562356827107, 9.242202799370949, 10.875622607292012, 9.139195016089905, 9.894647679430372, 10.331436319554106, 9.93293522773905, 10.40448878673797, 11.010520732149164, 10.417664994584753, 9.345356636859002]
:ECM avg:  160.85356267091956
:EAM avg:  10.135545513071913
