#################################################
Correlation(Temperature, Rn) in BCN:  0.5261748878387968
Correlation(Preassure, Rn) in BCN:  -0.20845729390189935
Correlation(Wind velocity, Rn) in BCN:  0.058403649719426104
#################################################
#################################################
Correlation(Temperature, Rn) in PMP:  0.5155144212888039
Correlation(Preassure, Rn) in PMP:  -0.18821531188596502
Correlation(Wind velocity, Rn) in PMP:  0.172787095577137
#################################################
#################################################
Correlation(Temperature, Rn) in ZGZ:  0.5346255175384618
Correlation(Preassure, Rn) in ZGZ:  -0.26535436036609256
Correlation(Wind velocity, Rn) in ZGZ:  -0.005949726459692141
#################################################
#################################################
Correlation(Temperature, Rn) in HSC:  0.5224156042992764
Correlation(Preassure, Rn) in HSC:  -0.16095891912021662
Correlation(Wind velocity, Rn) in HSC:  0.11591081352639616
#################################################
X_train.shape =  (218, 4, 1) 
Y_train.shape =  (218,)


#########
 Only Radon 
########


:ECM:  [97.56445846393561, 98.60983393138984, 98.64656438547551, 97.39647723643073, 103.74642590556121, 98.6510116709811, 102.04586091945198, 106.52017570183516, 100.26454136666608, 99.01065198813987, 98.47956720434958, 116.0607035855496, 98.58475892993242, 112.03924346339757, 97.14903794798846, 103.68486788312556, 100.74787406713554, 123.1343413750586, 112.41337608615217, 109.39260754398066, 101.73684274142069, 111.84782064818478, 98.1153941559356, 100.21973504029023, 103.10898157687514]
:EAM:  [7.807664627724505, 7.9088631082088385, 7.804634134820167, 7.8058230623285825, 7.981232095271983, 7.7806426514970495, 8.095242155359147, 8.222935453374335, 7.871937366242104, 7.824763115416181, 7.8023578968453915, 8.486096037195084, 7.932415495527551, 8.418593508131961, 7.787139811414353, 8.134905064359625, 8.022074679110913, 8.886435488437085, 8.471923503469913, 8.337615966796875, 7.968179175194273, 8.35142379111432, 7.825320345290164, 7.879051249077979, 8.092270871426196]
:ECM avg:  103.56684615276974
:EAM avg:  8.059981626145383


#########
 Radon + Temperature 
########




#########
 BCN 
########


:ECM:  [97.71952672147482, 105.45110266775907, 106.9438251977535, 98.87561572908066, 103.45562015197139, 97.66948516412076, 105.25859009481839, 103.42081122425232, 103.82524130422779, 111.36839071792821, 103.4776363674659, 103.53907504039779, 105.77942108182113, 104.74017472123818, 101.55389518564242, 107.80419280683124, 105.13159489269341, 100.52235972687575, 103.60367772535717, 99.73662113452403, 103.1750681377821, 101.07651051096315, 103.13527333779828, 104.4207995472486, 101.7508488178869]
:EAM:  [7.896873230629779, 8.141303772621967, 8.183950627103766, 7.978082372787151, 7.953267117764088, 7.9316148960844, 8.100440532603162, 8.053129074421335, 8.054457319543717, 8.186603870797665, 8.108914070941033, 8.032615093474693, 8.081874887993996, 7.980430846518659, 7.979464754145196, 8.137528683276887, 8.15049654372195, 7.9295634411750955, 8.023708586997174, 7.892860737252743, 8.073338610060672, 8.024828403554064, 7.9298148459576545, 7.968437641224963, 8.01867452580878]
:ECM avg:  103.33741432031651
:EAM avg:  8.032490979458423


#########
 PMP 
########


:ECM:  [104.18421902839312, 109.43663777120689, 109.16358475556967, 105.34796460277892, 102.98840729564526, 103.53306374492303, 102.92146255285542, 101.86377328329353, 100.49287425857356, 105.38063045327881, 108.00901193039178, 104.52853682036252, 100.15674101844684, 102.16438985942783, 100.24019532347255, 103.33990791561442, 105.82743253922037, 103.32395799650887, 102.64094967102311, 98.83665490484294, 98.49063157481392, 99.28332406001728, 100.03809037797157, 105.26043260163699, 101.12663194815585]
:EAM:  [7.947705979042865, 8.369333632448887, 8.306576952021173, 8.166478907808344, 8.097427449327833, 7.95799214789208, 8.150668286262675, 7.969470653128116, 7.979011413898874, 8.198118899730925, 8.281750983380256, 8.115364642853432, 8.016184015476957, 8.03059853898718, 7.993046943177569, 8.068008666342877, 8.06433994212049, 8.118303988842253, 8.123386504802298, 7.950486081711789, 7.987542213277614, 7.994983916587018, 7.949075049542366, 8.1647631868403, 8.073782778800801]
:ECM avg:  103.14318025153699
:EAM avg:  8.0829760709722


#########
 ZGZ 
########


:ECM:  [99.41437533843666, 100.51541674459611, 102.28157016189482, 100.24245367182773, 119.12491843082256, 108.86250970623982, 99.76863355812213, 113.34196569186052, 100.16712219895287, 106.54557425335054, 108.41326580731123, 97.9663480866666, 102.5240299082499, 105.37064229281006, 99.75930864865175, 102.42946379763592, 101.81570198050417, 101.39245358590833, 99.27419018865847, 105.05348072353995, 104.25854277589121, 100.41346611168952, 105.50591151322318, 108.47219665980997, 102.89517563230224]
:EAM:  [7.879821249779234, 8.004445177443484, 8.0258786221768, 8.01882812824655, 8.745384459799908, 8.185076246870326, 8.005977021886947, 8.363779595557679, 7.986641376576525, 8.024050245893763, 8.18138459388246, 7.961083635370782, 7.974041269180622, 8.092965024582883, 7.986329017801488, 8.094754726328748, 8.071137935557264, 7.995633551414977, 7.933630476606653, 8.132535650375042, 8.136506303827813, 7.990921223417241, 8.088737853029942, 8.195245580470308, 7.983467142632667]
:ECM avg:  103.83234869875825
:EAM avg:  8.082330244348405


#########
 HSC 
########


:ECM:  [105.21151524138584, 100.94094732071244, 106.88561023283609, 100.19271464981145, 103.84346926980156, 100.50291932086019, 110.6568244339414, 105.75725594239137, 101.40843608236189, 100.31004390697025, 101.13917373439735, 98.65880763078708, 104.84882995997481, 112.11820300382286, 100.03104652922946, 98.78888487419813, 100.30971319887969, 107.02546713388391, 101.54453332023711, 111.12593229712938, 103.57535596644665, 100.45024004935298, 105.55855416641226, 101.54012030248835, 104.17552386643273]
:EAM:  [8.214576153045005, 7.956412416823367, 8.21868210650505, 7.942480533681017, 8.026378712755568, 7.994970362237159, 8.375476837158203, 8.106168381711269, 8.134046879220517, 7.933888739727913, 8.034079328496405, 7.972342592604617, 8.01092500889555, 8.309751348292574, 7.999935758874772, 7.918193289574156, 8.022932701922478, 8.270614137040807, 7.953822724362637, 8.402700058957363, 8.192565106331035, 8.00255438622008, 8.138089646684362, 7.870952606201172, 8.09242540724734]
:ECM avg:  103.4640048973898
:EAM avg:  8.083798608982816


#########
 Radon + Preassure 
########




#########
 BCN 
########


:ECM:  [145.4058204509025, 142.7777484585412, 152.4247469160699, 145.0514441726649, 154.95188040559367, 141.8344862948485, 146.71515848741097, 150.91901868427985, 146.80042699537412, 151.29030184112483, 149.9741142486043, 156.95046114600237, 146.36794046946028, 150.70590752982096, 146.95237709075383, 153.24109614884281, 144.67599375757274, 141.86784679653772, 137.86353869281123, 135.79242207916647, 148.88371133477074, 143.1428075224442, 148.90348860748472, 157.78143265917947, 151.52649563714704]
:EAM:  [9.621662383383892, 9.44520686535125, 9.834397417433719, 9.562982396876558, 9.91525370009402, 9.4907481010924, 9.660820818961934, 9.861573320754031, 9.615992891027572, 9.832825518668965, 9.727452947738323, 9.936273737156645, 9.64711262317414, 9.802615551238365, 9.59153706976708, 9.838609938925885, 9.522555615039582, 9.412929859567196, 9.340743206916972, 9.31113876180446, 9.592256302529194, 9.503520519175428, 9.679379199413543, 9.96748692938622, 9.756664276123047]
:ECM avg:  147.71202665709637
:EAM avg:  9.658869598064017


#########
 PMP 
########


:ECM:  [145.39661429436154, 151.15240621174257, 143.41201970036755, 147.61312149473196, 144.67753638757935, 151.5752667904069, 150.67773576618399, 151.0718751727087, 150.16189030456442, 145.60104710539397, 143.67475332888841, 141.7589777785778, 146.34053532691797, 150.6749526376553, 152.76219157451325, 148.2024527343095, 143.46339482849447, 142.21881589713473, 149.95224754904902, 147.95037166306335, 154.12317241658735, 148.96434793752812, 146.96881559054492, 152.09275449704543, 145.33712156389717]
:EAM:  [9.616510959381753, 9.849215446634496, 9.569126900206221, 9.683925304007023, 9.583995372691053, 9.881724580805352, 9.72550651874948, 9.761489300017661, 9.844003555622507, 9.683849172389253, 9.587761899258227, 9.505133567972386, 9.656670712410136, 9.829091011209691, 9.908998570543654, 9.738118394892266, 9.624199359974963, 9.598641334696019, 9.787417716168342, 9.624185480970018, 9.96840042763568, 9.75005872198876, 9.706607940349173, 9.910962612070936, 9.619024763716029]
:ECM avg:  147.8329767420899
:EAM avg:  9.720584784974443


#########
 ZGZ 
########


:ECM:  [151.429472663718, 153.32845847052675, 157.03310686722847, 150.52978435922938, 152.83713435297125, 152.82407794022754, 159.0962781029799, 153.76805145231273, 148.6829711050636, 153.16375683129027, 157.80059204500543, 144.29322052419997, 148.02650129336456, 154.41463249243168, 147.44402701405704, 159.42705007881128, 147.42139817894488, 155.11747744224425, 154.94493634553106, 150.52852112269233, 150.28028170515205, 153.49057102812645, 158.4320730307182, 159.4848425220771, 152.96209647776058]
:EAM:  [9.804787534348508, 9.92527081104035, 9.962502215770964, 9.831103101689765, 9.916810461815368, 9.904996871948242, 10.117904906577252, 9.877475413870304, 9.819915730902489, 9.917048839812583, 10.059807919441386, 9.622188892770321, 9.678844735977497, 9.875219507420317, 9.771201965656687, 10.053411118527675, 9.752126571979929, 10.019648734559404, 9.83237879327003, 9.763443480146693, 9.799387668041472, 9.950233581218313, 10.032864306835418, 10.018300928968065, 9.808931553617438]
:ECM avg:  153.07045253786657
:EAM avg:  9.884632225848259


#########
 HSC 
########


:ECM:  [158.8110138017457, 163.46432032479186, 159.38083540083252, 157.3749932192481, 147.91325592375088, 155.25557374428047, 154.73876209921397, 147.78525993727075, 157.22492551807568, 150.33998649000569, 146.93063787908335, 154.32103862361924, 144.26776924931403, 177.1461133879863, 157.60551278009572, 138.55135870338765, 161.69608125537343, 152.19111450598203, 155.41695376829057, 161.1598210108178, 160.21895018033157, 163.42434961267327, 149.80461498300335, 151.538704527703, 162.58070169695813]
:EAM:  [10.03307805162795, 10.187049094666826, 10.080851331670234, 9.948341450792677, 9.59975262905689, 9.905677186681869, 9.906919398206346, 9.653289348521131, 10.022196952332841, 9.77219427392838, 9.641734630503553, 9.85400768036538, 9.511585884905877, 10.543631492777074, 9.99681022319388, 9.289716923490484, 10.132049154728017, 9.846709149949094, 9.861427104219477, 10.036979066564681, 10.139423857343958, 10.163793076860143, 9.726571752669964, 9.82115741486245, 10.103987389422478]
:ECM avg:  155.56570594495338
:EAM avg:  9.911157380773666


#########
 Radon + Wind Velocity 
########




#########
 BCN 
########


:ECM:  [116.06908315823502, 124.4524844752659, 125.97851462940548, 120.64215169007227, 121.88032872819306, 123.81072831449491, 113.06173619837902, 130.70590951790052, 119.72570685996394, 115.7379764111781, 125.85156727606892, 118.37993979852918, 124.78675524396942, 117.34545725014276, 127.1104253636434, 119.63259226871928, 113.65563396728744, 118.18429768711243, 120.29374680368609, 115.79846022969843, 120.48034873340889, 119.27878673629668, 118.0419780590661, 122.78648195340452, 121.9144678433044]
:EAM:  [8.549116378134869, 8.8302070536512, 8.898956664065098, 8.745256910932826, 8.70702244373078, 8.765089156779837, 8.421167170747797, 9.037949095381068, 8.682268751428483, 8.53318011507075, 8.857136990161653, 8.575475571003366, 8.967139913680706, 8.586423833319481, 8.977551886375915, 8.645631222014732, 8.44023091742333, 8.590972007589137, 8.67695224031489, 8.612594685655958, 8.675569899538731, 8.657775757160593, 8.638107340386574, 8.804352983515313, 8.80335361399549]
:ECM avg:  120.62422236789703
:EAM avg:  8.707179304082342


#########
 PMP 
########


:ECM:  [95.09163903406474, 93.60503993960339, 104.43654129898486, 104.7355436011946, 91.76755337583157, 96.3206823691591, 95.7918580076713, 96.22095157015211, 96.24858590198818, 91.58627805392632, 107.5255884060254, 94.8323034601623, 95.24469860800666, 106.12002345455372, 96.10465142678731, 97.84862426451072, 94.69317757602201, 94.16558633420348, 94.69017023553587, 92.89588497312845, 96.12906229494624, 111.07986261818169, 97.81741821696731, 97.39845734349288, 94.50430039858583]
:EAM:  [7.823202052014939, 7.7664447135113654, 8.20796447104596, 8.237835052165579, 7.71342253177724, 7.936934329093771, 7.920381261947307, 7.933518267692404, 7.855027056754904, 7.640590748888381, 8.307057076312127, 7.789812940232297, 7.866559982299805, 8.308359917173995, 7.899950920267308, 7.985696386783681, 7.8869536379550365, 7.791570176469519, 7.86394606245325, 7.747737275793197, 7.9435105425246215, 8.462296830846908, 7.995900499059799, 8.004722838706158, 7.852107027743725]
:ECM avg:  97.47417931054744
:EAM avg:  7.9496601039805315


#########
 ZGZ 
########


:ECM:  [96.3162735114128, 97.17912689666156, 95.86117779321725, 101.55326797179596, 93.47182236783632, 97.6866274916256, 98.03077148067197, 109.06836760150358, 92.6950908536415, 99.72064774761292, 108.7581194957478, 109.70871815396202, 95.28839858568197, 115.42826794362267, 99.61878300485765, 103.134770118006, 106.82002528322963, 95.46107900715148, 109.14318042397164, 98.69200042223972, 106.21617927828784, 112.8404411884239, 94.81766594708229, 109.43616440857171, 98.36004418975139]
:EAM:  [7.819624637035614, 7.805569222632875, 7.839334041514295, 7.939367943621696, 7.697973981816718, 7.94986895297436, 7.86539126457052, 8.244449696642286, 7.6842237837771155, 7.854388054381025, 8.262971918633644, 8.37720627480365, 7.68428429136885, 8.688539464422997, 7.819754296160759, 8.291672402239861, 8.317060511162941, 7.710601644313082, 8.35001397640147, 7.942844715524227, 8.209721179718667, 8.511055236167095, 7.790552342191655, 8.315956115722656, 7.809501810276762]
:ECM avg:  101.8122804466627
:EAM avg:  8.031277110322993


#########
 HSC 
########


:ECM:  [109.58043879395174, 102.51019404083645, 165.430348870259, 117.91753341435492, 123.25244729452088, 158.6846513401112, 130.97183771610233, 121.25527412542996, 145.36045682791868, 144.5832842822568, 103.98777122092322, 132.89151628477595, 130.55021240232972, 196.09417742681273, 135.99597665778035, 110.13059734289152, 134.73470909579376, 110.747956775649, 137.4927618031533, 176.78493187444977, 162.91943817673854, 160.0600990955213, 110.4657771598069, 139.08897085307925, 126.37955713616604]
:EAM:  [8.105712160151056, 7.89435820883893, 10.250658644006608, 8.42261882538491, 8.548212254301031, 9.962555499787026, 8.88133227571528, 8.547369936679273, 9.436359811336436, 9.316847456262467, 8.069923157387592, 8.987138626423288, 8.910613323779817, 11.427507197603266, 9.036200990068151, 8.139384005932097, 9.040783009630568, 8.209552034418634, 9.134672814227166, 10.66387290142952, 10.123780595495345, 10.03899391661299, 8.185671704880734, 9.201731986187873, 8.712687959062292]
:ECM avg:  135.51483680046454
:EAM avg:  9.089941571824093
