ECMRn =  [50.543707456633044, 78.40282779381317, 49.27056335818334, 45.90835528702369, 45.00775751642533, 56.79099480411384, 44.9034739052252, 71.92538892983274, 103.07612190825645, 52.878898331816, 91.39066848483002, 67.36122231118169, 54.826534804064316, 65.68674383213697, 61.010255496177564, 57.48044917248269, 56.46766077169413, 41.301346731092835, 59.52741004677998, 62.301478630574515, 48.55474062591013, 46.88346334028057, 56.074905074506404, 59.08617668213222, 53.89606354658962]
EAMRn =  [5.5095901863247745, 7.251116472132066, 5.417940850351371, 5.188407823151233, 5.1568134158265355, 5.8572894451664945, 5.15846783507104, 6.714634390438304, 7.691727133358226, 5.608884437411439, 7.324657589781518, 6.187280355715284, 5.635231018066406, 6.386093251845416, 5.573163911408069, 5.954595154406977, 5.748712464874866, 5.010292950798483, 5.639649447272806, 6.012278874715169, 5.444472069833793, 5.070512472414503, 5.5035643110088275, 5.513911265952914, 5.684727612663718]


#########
 Radon + Temperature 
########




#########
 BCN 
########


ECM_BCN =  [74.7406119824675, 53.62554744877507, 58.20423118808742, 58.45655321370977, 70.36445169443937, 63.29837787302648, 69.24194625425041, 90.91049223070891, 55.75744408776875, 59.262400415920176, 73.19299093343137, 78.86018551855894, 60.17724036232739, 69.04466021153462, 62.85414552675188, 57.10602515943573, 64.48378748413347, 69.51989862215893, 67.96146158254794, 72.5381854185368, 83.98493887390342, 60.25694753992966, 71.91844914395045, 53.65636030904901, 60.986027684619685]
EAM_BCN =  [6.7384520512001185, 5.551181082632027, 5.83799560397279, 5.99614491182215, 6.424595066145355, 5.9436789119944855, 6.242699903600356, 7.609597748401118, 5.776821697459502, 5.753191218656652, 6.495930765189376, 6.7398043613807825, 5.752038132910635, 6.148479199876972, 6.2192328209970515, 5.602095884435317, 6.08060260847503, 6.547232609169156, 6.060135074690277, 6.512542836806354, 6.866878883511412, 5.956311394186581, 6.574493109011183, 5.898936888750861, 5.899382422952091]


#########
 PMP 
########


ECM_PMP =  [82.1841233059571, 56.668754131164555, 72.73471039758657, 68.79324248107578, 78.66224065162832, 62.14095037091123, 73.4939781664367, 64.31831575729916, 60.43054912271285, 60.03573672935625, 55.328558339806975, 54.353945250165395, 77.2751705947186, 63.59930901766033, 63.55893495807372, 73.52420015083129, 64.07463328420357, 58.87062956347597, 56.75872995773149, 66.08907312826027, 59.35631123336441, 60.009713992038904, 52.91595652135084, 54.15185270543689, 76.55646254157782]
EAM_PMP =  [6.825907613716874, 5.723490696327359, 6.507658490947649, 6.401028128231273, 6.152426513971067, 5.993455325855928, 6.4910488876641965, 5.9307276033887675, 5.420808792114258, 5.805067361569872, 5.746406929165709, 5.581349354164273, 6.754446889839921, 6.022398406384038, 6.268969928517061, 6.738677978515625, 6.123004875931085, 5.907020793241613, 5.847919688505285, 6.266083698646695, 5.964555029775582, 5.749122208239985, 5.539378745883119, 5.72646099913354, 6.926792294371362]


#########
 ZGZ 
########


ECM_ZGZ =  [73.39635726462552, 65.63001328399953, 73.20360122996199, 60.605401347618006, 64.8499052729362, 69.80816243433063, 72.49389153673965, 62.18281849851337, 68.91052729538704, 63.26384798712245, 92.30747939364736, 65.14809567541899, 70.12707353917814, 67.61709525425192, 62.554740701657266, 65.05567295729941, 59.53869019299685, 63.38443214940201, 75.0762291797969, 54.567945053375084, 87.72406734929687, 74.04674433511322, 72.54677820580615, 69.03429813182589, 54.23788255866299]
EAM_ZGZ =  [6.485762091243968, 5.946630141314338, 6.517885282927868, 5.964203142652325, 6.253942788815966, 6.54059612049776, 6.536292842790192, 6.078257729025448, 6.179360483206954, 6.239154666077857, 7.802352980071423, 6.340877121570063, 6.680643044266046, 6.238370521395814, 6.224596846337412, 6.383455613080193, 5.939950045417337, 6.13302526287004, 6.48844965766458, 5.563443613987343, 7.206523783066693, 6.348128150491154, 6.412208706724877, 6.530437020694508, 5.700525171616498]


#########
 HSC 
########


ECM_HSC =  [59.667164111349706, 77.9062439001814, 77.15759995054296, 95.30493811215659, 63.53019623104674, 64.43137340438162, 65.10580665233897, 65.03115135767311, 73.05021592419507, 59.20687521267346, 61.184973798392484, 55.323146955136814, 60.98439119296881, 66.60505099703619, 99.08278746218346, 57.37028604581771, 49.66688347493719, 74.23202803424061, 66.54711482554686, 96.74053822270213, 88.56513477381482, 50.100908783137484, 62.45691391369588, 81.26394767384501, 75.80531034510975]
EAM_HSC =  [6.092154371972177, 6.7477659711650775, 6.459164825140261, 7.451364965999828, 6.158254324221144, 6.000171923169903, 6.161820505179611, 6.442103180230832, 6.613626106112611, 5.922296262254902, 5.898829030055626, 5.824487611359241, 6.019987779505112, 6.110823762183096, 7.9405638002881815, 5.705227346981273, 5.455834332634421, 6.548955730363434, 6.1294021980435245, 7.571547788732192, 6.763346017575731, 5.537620170443666, 6.367435567519244, 6.578846501369102, 6.431531532138002]


#########
 BCN_PMP 
########


ECM_BCN_PMP =  [80.48220185863251, 64.15852636680867, 81.05192103484868, 61.89414911218959, 71.89793426471, 60.00994521364163, 76.39286168583716, 75.39033881885496, 83.57167368410705, 57.866769814205824, 78.07418445628191, 59.25629580528567, 60.685787248713225, 55.76698438119367, 59.808497676550665, 67.52689147847389, 66.06679295018552, 68.83684760800479, 72.84752484476157, 60.891344772682466, 64.61369786799975, 64.15169477345127, 59.19531728142066, 64.9417338514265, 99.28257543077423]
EAM_BCN_PMP =  [6.987331614774816, 6.299062429689894, 6.802035986208448, 5.99146562464097, 6.299708721684475, 6.051922181073357, 6.348068012910731, 6.588365255617628, 7.036027983123181, 5.825197631237554, 6.805111417583391, 5.976502661611519, 6.04381737054563, 5.750513263777191, 6.001487619736615, 6.17589677548876, 6.324387980442421, 6.3207314435173485, 6.558412477081897, 6.118624406702378, 6.215453877168543, 6.087002099729052, 5.976442524031097, 6.115781896254596, 6.850981918035769]


#########
 BCN_HSC 
########


ECM_BCN_HSC =  [68.59739152829485, 71.92466074149536, 60.64617742101751, 67.7990924113829, 58.92576304116608, 56.74091790349214, 72.22585204127601, 69.27150671476443, 77.5042151543316, 62.38170507518625, 57.09533266950251, 67.86624998373065, 70.41708023794162, 67.82318629730463, 67.84264231556895, 70.05432825779124, 72.86825652710375, 69.89397773828415, 73.42659459588435, 47.19028130286603, 54.80626627091203, 58.322446117331545, 62.151826119123, 80.79795492830966, 67.73268458856754]
EAM_BCN_HSC =  [6.1341127133836935, 6.168996923110065, 5.780259001488779, 6.551822662353516, 5.737424925261853, 5.766175812365962, 6.477399601655848, 6.590642368092256, 6.753545985502355, 6.06026907528148, 5.873711679496017, 6.3853226081997745, 6.1784779417748545, 6.256716185925054, 6.015199324663947, 6.47001490873449, 6.376028210509057, 6.681225309184954, 6.188135446286669, 5.225087820314894, 5.817953745524089, 5.914727416692996, 5.958034403183881, 6.8872124915029485, 5.957381267173617]


#########
 BCN_ZGZ 
########


ECM_BCN_ZGZ =  [96.38919197262108, 60.17061389608089, 56.22527191664338, 52.874855054541854, 68.83165902393947, 63.843243851684925, 77.05390947912868, 88.5156114626988, 67.21978574189201, 68.4414312101241, 56.82544989920294, 73.47258528769994, 60.82145181170784, 66.0216553091945, 68.66081721035452, 49.52775597467196, 74.20967480029317, 66.542884411189, 70.29664948595347, 92.85880414873941, 67.68382962877699, 100.12010476292711, 78.36293413785575, 68.98948669026112, 77.79026070778234]
EAM_BCN_ZGZ =  [7.67294064690085, 5.731105355655446, 5.71323720146628, 5.73308510873832, 6.098520129334693, 5.945004968082204, 6.498424492630304, 7.163676617192287, 6.216262630387848, 6.377136380064721, 5.713307735966701, 6.4832622677672145, 6.150181153241326, 6.122420030481675, 6.2694831548952585, 5.503515692318187, 6.483197791903627, 6.288513557583678, 6.4475430507285925, 7.64760664397595, 6.308927536010742, 7.965442320879768, 6.303257960899203, 6.231611139634076, 6.942929884966682]


#########
 PMP_HSC 
########


ECM_PMP_HSC =  [61.01657377719504, 74.798928813458, 82.99595309641725, 58.102942874785384, 50.603420947392486, 88.51785302416272, 63.41874725835306, 67.28256255727419, 85.54755390391188, 72.75660747936747, 61.08178520262171, 64.46480966338333, 67.98508559289108, 75.34466728216948, 49.8305593150037, 54.567293768886884, 77.33390137761137, 65.71099485163451, 60.06110942725711, 74.22398100080946, 69.43316023736335, 63.74515854516015, 72.7434048886454, 61.793819502603085, 65.99921402633895]
EAM_PMP_HSC =  [5.936436784033682, 6.645281286800609, 7.082419152353324, 6.005118164361692, 5.374553530823951, 6.995681126912435, 5.903364106720569, 6.357854768341663, 6.721898060218961, 6.650836981979071, 6.073620179120232, 5.976125268375172, 6.651927798402076, 6.1790147669175095, 5.539027606739717, 5.625380160761814, 6.137833987965303, 6.276280122644761, 6.068105061848958, 6.288415721818512, 6.132287866928998, 6.214583752202053, 6.448835672116747, 6.0908158620198565, 6.345847746905158]


#########
 PMP_ZGZ 
########


ECM_PMP_ZGZ =  [66.3579290697938, 67.69750109559048, 65.54793758266982, 80.55982634815112, 65.77995413396646, 53.37183186726165, 87.2965442949109, 68.09433475371286, 62.570921628037325, 65.07909245331892, 67.69442896471703, 76.14311079490732, 66.16574759580358, 86.78184968597877, 71.16736670179871, 66.37211884445723, 63.94261663849879, 57.30154243875971, 60.23851721390255, 88.27466202614596, 60.41626826718786, 64.39227254344046, 90.13612277274918, 57.86167336758651, 66.94605708472142]
EAM_PMP_ZGZ =  [6.287307701858819, 6.16585989559398, 6.228517345353668, 6.929345785402784, 6.393828223733341, 5.646874035105986, 7.185432770672967, 5.939672395294788, 6.163880179910099, 6.35794381534352, 6.053511563469382, 6.510679918176987, 6.259412017523074, 7.217365040498621, 6.411417381436217, 6.313628851198683, 6.165512496349859, 6.002053840487611, 5.9068276274438, 7.329734054266238, 5.982279272640453, 6.2022337446025775, 7.6066654429716225, 5.90772325852338, 6.221410452150831]


#########
 HSC_ZGZ 
########


ECM_HSC_ZGZ =  [59.85520241549567, 70.96077087958938, 65.74257732325978, 75.96053605874576, 82.09722635057138, 60.06972452130782, 67.16172058306157, 58.20568507742499, 84.55666512743026, 79.98257720049321, 65.73354902361704, 68.47943547807974, 60.535336175436434, 70.95935699020586, 55.373369565366694, 88.71066350089221, 58.20513901636535, 77.12494814380454, 66.6647297488731, 64.67380604078362, 62.97716979204586, 72.19945207390508, 72.55021336757194, 84.95395339063572, 86.70888113410825]
EAM_HSC_ZGZ =  [5.56702501633588, 6.536263708974801, 6.085646909825942, 6.8027063631543925, 6.646615346272786, 6.056141348446117, 6.259157068589154, 5.767669789931354, 7.03255937613693, 7.032705980188706, 6.142755209230909, 6.037400339163986, 5.995951633827359, 6.52157678791121, 5.70494831309599, 7.228953342811734, 5.886061500100529, 6.215490266388538, 6.372308544084137, 6.464289160335765, 6.0727555144066905, 6.676686006433823, 6.443480659933651, 7.109717051188151, 6.827662972842946]


#########
 BCN_PMP_HSC 
########


ECM_BCN_PMP_HSC =  [53.115316138267815, 59.81651659934484, 54.68227999664997, 55.464825998278116, 69.73044617375412, 88.20288004684228, 65.74288292976202, 62.38790268010309, 52.1964034007719, 90.92025628495749, 58.159762855256105, 73.61116123467903, 61.69305545692552, 69.42539614947272, 59.04810706129858, 75.14606544083668, 60.63844542198757, 67.34865350481286, 65.00558327798367, 54.482490418579566, 70.8322250012285, 78.5828525016403, 83.02750781484022, 66.99420977419105, 106.94894008893307]
EAM_BCN_PMP_HSC =  [5.5787093966614965, 5.8915368622424555, 5.762881671681123, 5.794120414584291, 6.288819331748813, 7.268004997103822, 6.323642880308862, 5.856451670328776, 5.669677958768957, 7.420601265103209, 5.7030554004743985, 6.4485986746993715, 6.017859477622836, 6.40034320307713, 5.894256292604933, 6.774822758693321, 5.9856926039153455, 6.526359146716548, 6.096694273107192, 5.5795408510694315, 6.393521252800436, 6.877454907286401, 7.029939053105373, 6.240965712304209, 8.396675857843137]


#########
 BCN_PMP_ZGZ 
########


ECM_BCN_PMP_ZGZ =  [75.04445680991165, 75.24289265490327, 78.13870330946149, 53.07314766750785, 79.94179548172386, 49.21266673519416, 64.18213947548037, 71.05201552215722, 59.29948487806969, 69.2178831689146, 57.30392089973483, 51.945866656965464, 59.797292610395424, 65.59746775538567, 64.33283323943104, 81.1696744476051, 58.73329243294703, 82.7639580174468, 67.22499305405368, 75.30596361256033, 53.908145083370016, 66.57429592049063, 56.015257344569775, 75.58713637716131, 70.43962553331778]
EAM_BCN_PMP_ZGZ =  [6.612799962361653, 6.783693463194604, 6.877311706542969, 5.590252483592314, 6.6710107840743715, 5.450347638597675, 6.020436081231809, 6.295691808064778, 5.643464032341452, 6.269034965365541, 5.992372363221412, 5.370231067433076, 5.87209249010273, 6.460802153045056, 6.300329133576038, 6.648912355011585, 5.904176001455269, 6.729112064137178, 6.512090720382392, 6.505616992127662, 5.675888472912359, 6.477229660632563, 5.671272651821959, 6.457565382415173, 6.492104661230948]


#########
 PMP_HSC_ZGZ 
########


ECM_PMP_HSC_ZGZ =  [64.5150989305006, 57.941834461672244, 74.268878301299, 65.25313780295926, 56.04567038158611, 72.29748619542079, 66.56575622793582, 70.52998871583615, 66.18769591311325, 64.87664779534195, 66.78994664692365, 73.28960414343287, 85.40400949688888, 90.7197959806939, 62.08669082544814, 65.3863949034417, 64.09038748795152, 56.99725275845056, 61.58997000415818, 57.97922219018116, 75.09357410459522, 52.44474154625441, 99.87242474736117, 56.477111430023086, 54.3015695093144]
EAM_PMP_HSC_ZGZ =  [6.116296880385455, 5.715833065556545, 6.768265107098748, 6.110190709431966, 5.666445975210152, 6.322821935017903, 6.342648375268076, 6.530186559639725, 6.459777757233264, 6.264231139538335, 6.1878054375742, 6.751596151613722, 6.532372680364871, 7.751853045295267, 5.922502629897174, 5.993957182940314, 6.218871172736673, 5.857910904229856, 5.730060128604665, 5.885666491938572, 6.89704678105373, 5.535484874949736, 7.857357847924326, 5.629999310362573, 5.735583099664426]
