

#########
 BCN_PMP_HSC 
########


:ECM:  [122.155835822583, 114.67563377099485, 106.10513892233978, 115.09113021410845, 109.27174455030655, 106.16284105251141, 107.23845682771733, 115.82917316581951, 104.3742012856991, 116.97127493772194, 114.06743651188546, 109.3181165789181, 108.26738665193695, 113.03721655500301, 108.32543163338414, 109.10057021398825, 113.19886334859528, 111.13486679399291, 109.35245345529086, 111.11153036842657, 107.44941246630798, 108.77506470937527, 106.03166407308457, 111.59260270420086, 107.61552882002371]
:EAM:  [8.406214734341235, 8.380001392770321, 8.120754607180332, 8.39817952095194, 8.043899820206013, 8.148107325777094, 8.195880362328063, 8.248492342360477, 8.119088558440513, 8.565575863452668, 8.296524818907393, 8.110864679864113, 8.16932264287421, 8.187162358710106, 8.210852156294154, 8.240688851539124, 8.175578705807949, 8.100183689847906, 8.283883196242313, 8.375484628880278, 8.200105707696144, 8.19714801869494, 8.059559030735747, 8.214903324208361, 8.185132128127078]
:ECM avg:  110.65014301736865
:EAM avg:  8.225343538649538


#########
 BCN_PMP_ZGZ 
########


:ECM:  [110.1635545785271, 126.7410213595855, 111.08953008132022, 109.40132481436183, 115.80615210481622, 105.93710308511196, 114.88439832349012, 112.44517410256572, 106.57386578924529, 117.65495592493848, 110.1366891108953, 111.55862619304946, 115.05718393896136, 110.7481006909556, 108.16923559496354, 116.3654058915371, 105.0473004664693, 116.19132420223329, 112.24334281491146, 108.54870937333676, 109.35893043170344, 115.43037200695633, 110.6088012180906, 111.79510596272365, 108.13268334099168]
:EAM:  [8.174906020468853, 8.767834196699427, 8.226545496189848, 8.198476060907891, 8.451418288210606, 8.028160622779358, 8.429145691242624, 8.351192920765978, 8.11584095244712, 8.53303763206969, 8.238795016674285, 8.39970357367333, 8.419038245018493, 8.146580188832385, 8.132718918171335, 8.476719957716922, 8.079648159919902, 8.535899385492852, 8.223145058814515, 8.108783356686855, 8.19886743261459, 8.244209654787754, 8.150498653980012, 8.176358730234998, 8.201180072540932]
:ECM avg:  112.00355565606965
:EAM avg:  8.280348171477621


#########
 PMP_HSC_ZGZ 
########


:ECM:  [108.95532232535102, 112.85523675212174, 106.62436447529639, 109.76369136238753, 105.44057161409805, 109.35314049060439, 100.92267930151014, 107.29527105205999, 109.58690616843586, 104.94668073198905, 110.65486060890079, 108.77841695274958, 107.41227663565208, 135.3732479367471, 111.55960416119899, 116.67702249718593, 122.66760815842095, 106.26732300249847, 109.63298116664016, 108.37220359683697, 107.23695504538603, 107.76186963676214, 114.23666202607862, 106.75687130148637, 105.37435482581287]
:EAM:  [8.217519394894863, 8.210397801500685, 8.147792978489653, 8.318645680204352, 8.065411669142703, 8.163245789548183, 8.029282995995056, 8.04766797004862, 8.24703906444793, 7.969151679505694, 8.125941093931807, 8.098855363561752, 8.092623690341382, 9.242507893988426, 8.35495096571902, 8.506346966357942, 8.87733017130101, 8.139275489969457, 8.234561920166016, 8.199499657813538, 8.168495949278487, 8.103587454937873, 8.468756168446642, 8.06826197847407, 8.101316695517681]
:ECM avg:  110.18024487304845
:EAM avg:  8.247938659343314
