

#########
 BCN_PMP 
########


:ECM:  [109.26226601790296, 111.26264190051889, 106.44962320674227, 112.43541346561331, 105.51873513209873, 105.25529109045988, 116.12608417964688, 107.0870493672097, 107.93232797188938, 108.54267340625883, 104.36208135411924, 102.29095107349156, 105.16186113414284, 105.72262384004345, 108.28564494446773, 110.62957144643897, 112.25742394637525, 108.30776809194317, 103.54339905762181, 108.25046433412493, 110.25498121944281, 106.76338148782165, 106.34786928534905, 103.69910678908722, 101.74641529592083]
:EAM:  [8.249645354899954, 8.109843112052754, 7.9596848589308715, 8.281683455122279, 8.047973389321186, 8.097486049570936, 8.487436740956408, 8.141598884095536, 8.12750398351791, 8.184711009898084, 8.01150131225586, 7.986387820954018, 8.025565451764045, 8.05869569169714, 8.186629599713264, 8.263832660431557, 8.35420085014181, 8.160669326782227, 7.977884941912712, 8.166457277663211, 8.132487601422248, 8.139243470861556, 8.106495268801426, 7.99684078135389, 7.974890201649767]
:ECM avg:  107.49982596154926
:EAM avg:  8.129173963830826


#########
 BCN_HSC 
########


:ECM:  [103.8052315458843, 106.18827530530332, 104.10958839735193, 104.60491772233821, 103.52893227104366, 109.94782087896013, 104.95477648182218, 102.86714493927866, 105.68429192837047, 105.46387579485676, 111.50428305256649, 105.5756032726377, 104.09695734433858, 106.6305894806038, 107.98554911124093, 104.29447854105449, 109.661027104635, 100.09926168727605, 108.57072398196776, 104.164422368086, 105.82428833932003, 107.99627636945614, 114.88644168240005, 102.41435701092563, 106.65723483653463]
:EAM:  [8.046628586789394, 8.140524154013775, 7.981474125638921, 8.063533011903154, 7.96350475067788, 8.090603524066033, 8.00985790820832, 8.0011503747169, 8.196996364187687, 7.999926749696123, 8.382777234341235, 8.002729537639212, 8.123667615525266, 8.200908417397358, 8.204587246509309, 8.01505729999948, 8.151526674311212, 8.036815278073574, 8.211881110008727, 8.117931893531312, 8.247377842030627, 8.046907708999958, 8.49198572686378, 8.075461773162193, 8.03215818202242]
:ECM avg:  106.06065397793014
:EAM avg:  8.113438923612554


#########
 BCN_ZGZ 
########


:ECM:  [110.34023228449315, 105.35484106297464, 104.0324563070295, 107.65215959033448, 105.3427408348682, 101.47820657948228, 107.1235972867241, 106.44999253103154, 107.22386465143434, 105.86581823837952, 118.5518993258153, 102.20121783893936, 105.85256203273472, 110.87257313441474, 104.01569447303909, 110.92268545428561, 107.22129732165271, 105.861584297736, 105.98040489409415, 108.66392777919332, 103.2542699863052, 102.00642275073079, 108.27038621593547, 108.40720619892308, 107.59781015247628]
:EAM:  [8.159620731434924, 8.06577723077003, 8.029058172347698, 8.204421266596368, 8.018829223957468, 7.972556864961665, 8.144437871080763, 8.130097084857049, 8.145475752810215, 8.053051765928878, 8.638812531816198, 8.00288151680155, 8.171749601972865, 8.300101828067861, 7.971094740198014, 8.146595001220703, 8.19834376396017, 8.168464457735102, 8.066883371231404, 8.072343704548288, 7.9627782537582075, 7.919400316603641, 8.09924239300667, 8.158352263430332, 8.089309611219042]
:ECM avg:  106.82175404892111
:EAM avg:  8.115587172812605


#########
 PMP_HSC 
########


:ECM:  [108.11122517142367, 104.13486248156643, 106.18363119942784, 105.85193241263094, 104.46284330841166, 106.67008361882255, 105.48260439418044, 108.88624220145705, 105.71616992675278, 101.92925526336099, 105.0145712895949, 116.01860278925379, 106.27222946757529, 106.93538835796464, 105.16659631705679, 106.58906431482303, 108.65315724506264, 104.0255281265831, 104.95130499309975, 107.86678091362533, 110.66813569945504, 108.46182959419805, 107.60615366167963, 114.28359315197706, 106.81238314007149]
:EAM:  [8.16188990816157, 8.074098587036133, 8.075809559923536, 8.127061194561897, 8.041548627488156, 8.146307519141663, 8.084034858865941, 8.258401505490566, 8.079277850211934, 7.945721971227767, 8.034838453252265, 8.441567806487388, 8.04375774302381, 8.2489593992842, 8.108335251503803, 8.081670152380111, 8.316200783912171, 7.987559338833424, 8.126349712939973, 8.131910364678566, 8.323530887035613, 8.252454798272316, 8.199543973232837, 8.12511529313757, 8.163320947200694]
:ECM avg:  107.0701667616022
:EAM avg:  8.143170659491357


#########
 PMP_ZGZ 
########


:ECM:  [106.91217886111801, 106.09574603967516, 105.54781226681231, 104.06272025681857, 104.7274739683285, 112.71606798286156, 103.37304249422193, 107.45243356640214, 107.39092472329766, 109.32746721509248, 102.33134208755779, 105.45048596089916, 106.39046749821493, 103.82160055620454, 108.55399933166723, 103.4318556660872, 110.42598675576114, 104.72579794158314, 112.71918653906168, 107.76854263406472, 101.32756053319014, 103.73792832841642, 107.74424400288092, 103.0227872259403, 105.70198514776]
:EAM:  [8.18601011722646, 8.050267645653259, 8.089551114021464, 8.029951379654255, 8.104592343594165, 8.368053152206096, 8.001419026800926, 8.193700262840759, 8.08381267304116, 8.223879590947577, 8.075669187180539, 8.003088484419154, 8.026454519718252, 7.9263492340737205, 8.18858933956065, 8.017728318559362, 8.280054579389857, 8.014361117748503, 8.105738781868144, 8.209875390884724, 7.91840808949572, 8.021451422508727, 8.031930436479284, 7.998329284343313, 8.114975706059882]
:ECM avg:  106.19038550335671
:EAM avg:  8.090569647931039


#########
 HSC_ZGZ 
########


:ECM:  [114.44861196771873, 106.01013969751016, 102.96834566990722, 109.89212970739692, 114.3832717262564, 107.73140870099745, 104.13432709650264, 112.75447267958813, 105.11198024162815, 106.01265232517842, 106.41648171720033, 103.31719442250959, 102.33288173848486, 108.71844273240353, 107.85761466416211, 102.00244703582699, 104.29214565631774, 109.60413930555134, 111.18513333854084, 111.11075556387615, 105.42025480519125, 107.64675472001049, 112.42481914412139, 109.25198103638755, 104.33537730780115]
:EAM:  [8.331128343622735, 8.071960083981777, 8.019035501683012, 8.332791835703748, 8.478301920789354, 8.171973370491191, 8.0700169015438, 8.410480458685692, 8.04945434407985, 8.122066944203478, 8.047828390243206, 7.9331585092747465, 8.024175156938268, 8.282581248181932, 8.30061575706969, 8.042139864982442, 8.125247549503408, 8.272313990491503, 8.356525502306349, 8.328973810723488, 8.039176697426655, 8.072528595620014, 8.43459932854835, 8.309487566034845, 7.970771748968896]
:ECM avg:  107.57455052004278
:EAM avg:  8.183893336843937
