########## BCN ##########

velmedia 
 0.02451128440740421 

presmed 
 0.03467119982502916 

tmed 
 0.18266810944550585 

mdnRnA 
 0.7581494063220608 

########## PMP ##########

velmedia 
 0.03388851073571607 

presmed 
 0.0542153015609263 

tmed 
 0.19431632913761357 

mdnRnA 
 0.717579858565744 

########## ZGZ ##########

velmedia 
 0.025384278239369694 

presmed 
 0.043513227049954126 

tmed 
 0.17914221409699335 

mdnRnA 
 0.7519602806136828 

########## HSC ##########

velmedia 
 0.022959294954026876 

presmed 
 0.05049514773268177 

tmed 
 0.1980406617757595 

mdnRnA 
 0.7285048955375318 

