#################################################
Correlation(Temperature, Rn) in BCN:  0.5261748878387968
Correlation(Preassure, Rn) in BCN:  -0.20845729390189935
Correlation(Wind velocity, Rn) in BCN:  0.058403649719426104
#################################################
#################################################
Correlation(Temperature, Rn) in PMP:  0.5155144212888039
Correlation(Preassure, Rn) in PMP:  -0.18821531188596502
Correlation(Wind velocity, Rn) in PMP:  0.172787095577137
#################################################
#################################################
Correlation(Temperature, Rn) in ZGZ:  0.5346255175384618
Correlation(Preassure, Rn) in ZGZ:  -0.26535436036609256
Correlation(Wind velocity, Rn) in ZGZ:  -0.005949726459692141
#################################################
#################################################
Correlation(Temperature, Rn) in HSC:  0.5224156042992764
Correlation(Preassure, Rn) in HSC:  -0.16095891912021662
Correlation(Wind velocity, Rn) in HSC:  0.11591081352639616
#################################################
X_train.shape =  (218, 4, 1) 
Y_train.shape =  (218,)


#########
 BCN 
########


Iteration  0
Iteration  1
Iteration  2
Iteration  3
Iteration  4
Iteration  5
Iteration  6
Iteration  7
Iteration  8
Iteration  9
Iteration  10
Iteration  11
Iteration  12
Iteration  13
Iteration  14
Iteration  15
Iteration  16
Iteration  17
Iteration  18
Iteration  19
Iteration  20
Iteration  21
Iteration  22
Iteration  23
Iteration  24
:ECM: 132.2515
:EAM: 9.1528


#########
 PMP 
########


Iteration  0
Iteration  1
Iteration  2
Iteration  3
Iteration  4
Iteration  5
Iteration  6
Iteration  7
Iteration  8
Iteration  9
Iteration  10
Iteration  11
Iteration  12
Iteration  13
Iteration  14
Iteration  15
Iteration  16
Iteration  17
Iteration  18
Iteration  19
Iteration  20
Iteration  21
Iteration  22
Iteration  23
Iteration  24
:ECM: 104.2047
:EAM: 8.2971


#########
 ZGZ 
########


Iteration  0
Iteration  1
Iteration  2
Iteration  3
Iteration  4
Iteration  5
Iteration  6
Iteration  7
Iteration  8
Iteration  9
Iteration  10
Iteration  11
Iteration  12
Iteration  13
Iteration  14
Iteration  15
Iteration  16
Iteration  17
Iteration  18
Iteration  19
Iteration  20
Iteration  21
Iteration  22
Iteration  23
Iteration  24
:ECM: 104.4617
:EAM: 8.1409


#########
 HSC 
########


Iteration  0
Iteration  1
Iteration  2
Iteration  3
Iteration  4
Iteration  5
Iteration  6
Iteration  7
Iteration  8
Iteration  9
Iteration  10
Iteration  11
Iteration  12
Iteration  13
Iteration  14
Iteration  15
Iteration  16
Iteration  17
Iteration  18
Iteration  19
Iteration  20
Iteration  21
Iteration  22
Iteration  23
Iteration  24
:ECM: 159.9122
:EAM: 10.1038
